<?xml version="1.0" encoding="UTF-8"?>
<!-- Generated by org.testng.reporters.JUnitReportReporter -->
<testsuite hostname="MSI" failures="0" tests="1" name="com.selenium.Test.Test_01" time="11.294" errors="0" timestamp="2021-02-05T13:50:45 IST" skipped="0">
  <testcase classname="com.selenium.Test.Test_01" name="sel_01" time="11.294"/>
  <system-out/>
</testsuite> <!-- com.selenium.Test.Test_01 -->
