<?xml version="1.0" encoding="UTF-8"?>
<!-- Generated by org.testng.reporters.JUnitReportReporter -->
<testsuite hostname="MSI" failures="0" tests="1" name="cucumberProject.MockAPI_Tests" time="2.313" errors="0" timestamp="2021-02-01T00:50:59 IST" skipped="0">
  <testcase classname="cucumberProject.MockAPI_Tests" name="get2tMock_Test" time="2.313"/>
  <system-out/>
</testsuite> <!-- cucumberProject.MockAPI_Tests -->
